2022-03-23T15:31:45.841905Z  INFO telemetry: job_telemetry_init artifact_type=installed branch=origin/b2e693cc52edfc33c99cf8f8b920238a7026d54d ci_number=20220311.1 ci_name=CommonRuntime-prod-build build_time=2022-03-11 10:30:11.741196
2022-03-23T15:31:45.845150Z  INFO run_execution_wrapper: execution_wrapper: Successfully dumped bootstrapping environment to file
2022-03-23T15:31:45.845193Z  INFO run_execution_wrapper:execution-wrapper::connect_to_lifecycler: execution_wrapper::service: connecting to lifecycler endpoint lifecycler_address=/mnt/azureml/cr/j/d99be173182245d282118136cc4c00ab/.grpc/lifecycler:0
2022-03-23T15:31:45.845278Z  INFO run_execution_wrapper:execution-wrapper::connect_to_lifecycler:connect: grpc_utils::endpoint::connect: Connecting to gRPC service endpoint=Uds("/mnt/azureml/cr/j/d99be173182245d282118136cc4c00ab/.grpc/lifecycler:0") retry=FixedIntervalRetry { attempt_timeout_millis: 50, retry_delay_millis: 10, max_duration: 600s }
2022-03-23T15:31:45.845619Z  INFO run_execution_wrapper:execution-wrapper::connect_to_lifecycler:connect: grpc_utils::endpoint::connect: Successfully connected to gRPC service endpoint=Uds("/mnt/azureml/cr/j/d99be173182245d282118136cc4c00ab/.grpc/lifecycler:0")
2022-03-23T15:31:45.845733Z  INFO run_execution_wrapper:execution-wrapper::connect_to_lifecycler:connect: grpc_utils::endpoint::connect: close time.busy=388µs time.idle=69.7µs
2022-03-23T15:31:45.845770Z  INFO run_execution_wrapper:execution-wrapper::connect_to_lifecycler: execution_wrapper::service: close time.busy=513µs time.idle=69.8µs
2022-03-23T15:31:45.845817Z  INFO run_execution_wrapper:execution-wrapper::run_service{distributed_config=None path_mapping_kind=None enable_std_log_streaming=false}: execution_wrapper::service: serving execution service at executor_address=/mnt/azureml/cr/j/d99be173182245d282118136cc4c00ab/.grpc/executor:0
2022-03-23T15:31:45.845927Z  INFO run_execution_wrapper:execution-wrapper::run_service{distributed_config=None path_mapping_kind=None enable_std_log_streaming=false}:serve: grpc_utils::endpoint::serve: serving gRPC service endpoint=Uds("/mnt/azureml/cr/j/d99be173182245d282118136cc4c00ab/.grpc/executor:0") retry=ExponentialBackoffRetry { retry_delay_secs: 2, delay_factor: 1000, num_retries: 3 }
2022-03-23T15:31:46.193219Z  INFO ExecutionServicer::run: grpc_utils::server: Got grpc request name="run" remote_addr=None
2022-03-23T15:31:46.193285Z  INFO ExecutionServicer::run:ExecutionServicer::spawn_execution{finalization=None}: execution_wrapper::service: spawn_execution request id="f6443bc0-a4c2-4c31-9c3a-d02f6f4c75fc"
2022-03-23T15:31:46.193322Z  INFO ExecutionServicer::run:ExecutionServicer::spawn_execution{finalization=None}: execution_wrapper::service: Receiving request from Lifecycler client
2022-03-23T15:31:46.193345Z  INFO ExecutionServicer::run:ExecutionServicer::spawn_execution{finalization=None}: execution_wrapper::service: Spawning execution
2022-03-23T15:31:46.202246Z  INFO ExecutionServicer::run:ExecutionServicer::spawn_execution{finalization=None}:Execution::parse_commands: execution_wrapper::command_resolvers::shell: Using detected user shell: "/bin/bash" shell="/bin/bash"
2022-03-23T15:31:46.202318Z  INFO ExecutionServicer::run:ExecutionServicer::spawn_execution{finalization=None}:Execution::parse_commands: execution_wrapper::execution: close time.busy=8.75ms time.idle=3.90µs
2022-03-23T15:31:46.202554Z  INFO ExecutionServicer::run:ExecutionServicer::spawn_execution{finalization=None}:Execution::spawn: execution_wrapper::execution: Spawning target process
2022-03-23T15:31:46.203036Z  INFO ExecutionServicer::run:ExecutionServicer::spawn_execution{finalization=None}:Execution::spawn: execution_wrapper::execution: execution process spawned pid=18
2022-03-23T15:31:46.203176Z  INFO execution_wrapper::execution: start waiting for processes execution to complete num_processes=1
2022-03-23T15:31:46.203263Z  INFO Execution::wait_for_completion{parent_span=Span { name: "Execution::spawn", level: Level(Info), target: "execution_wrapper::execution", id: Id(4503874505277443), module_path: "execution_wrapper::execution", line: 98, file: "executor/execution-wrapper/src/execution/mod.rs" } process_manager=Mutex { data: ProcessManager { dangling_processes: [] } }}: execution_wrapper::execution::process_manager: ProcessManagerExecution state changing from PendingExecution to PendingExecution
2022-03-23T15:32:01.179273Z  INFO Execution::send_stdout_with_prefix{enable_std_log_streaming=false}: execution_wrapper::execution: close time.busy=12.7ms time.idle=15.0s
2022-03-23T15:32:01.179322Z  INFO Execution::send_stderr_with_prefix{enable_std_log_streaming=false}: execution_wrapper::execution: close time.busy=582µs time.idle=15.0s
2022-03-23T15:32:01.179372Z  INFO Execution::write_logs_to_file: execution_wrapper::execution: close time.busy=11.4ms time.idle=15.0s
2022-03-23T15:32:01.179398Z  INFO Execution::wait_for_completion{parent_span=Span { name: "Execution::spawn", level: Level(Info), target: "execution_wrapper::execution", id: Id(4503874505277443), module_path: "execution_wrapper::execution", line: 98, file: "executor/execution-wrapper/src/execution/mod.rs" } process_manager=Mutex { data: ProcessManager { dangling_processes: [] } }}: execution_wrapper::execution::process_manager: ProcessManagerExecution state changing from PendingExecution to ExecutionCompleted
2022-03-23T15:32:01.179466Z  INFO Execution::wait_for_completion{parent_span=Span { name: "Execution::spawn", level: Level(Info), target: "execution_wrapper::execution", id: Id(4503874505277443), module_path: "execution_wrapper::execution", line: 98, file: "executor/execution-wrapper/src/execution/mod.rs" } process_manager=Mutex { data: ProcessManager { dangling_processes: [] } }}: execution_wrapper::execution::process_manager: ProcessManagerExecution state changing from ExecutionCompleted to AwaitStreamingTasks
2022-03-23T15:32:01.179504Z  INFO Execution::wait_for_completion{parent_span=Span { name: "Execution::spawn", level: Level(Info), target: "execution_wrapper::execution", id: Id(4503874505277443), module_path: "execution_wrapper::execution", line: 98, file: "executor/execution-wrapper/src/execution/mod.rs" } process_manager=Mutex { data: ProcessManager { dangling_processes: [] } }}: execution_wrapper::execution: Gathered execution result for rank 0 process_rank=0 exit_code=0 stderr_path=Some("user_logs/std_log.txt")
2022-03-23T15:32:01.179536Z  INFO Execution::wait_for_completion{parent_span=Span { name: "Execution::spawn", level: Level(Info), target: "execution_wrapper::execution", id: Id(4503874505277443), module_path: "execution_wrapper::execution", line: 98, file: "executor/execution-wrapper/src/execution/mod.rs" } process_manager=Mutex { data: ProcessManager { dangling_processes: [] } }}: execution_wrapper::execution: execution process completed.
2022-03-23T15:32:01.179588Z  WARN Execution::wait_for_completion{parent_span=Span { name: "Execution::spawn", level: Level(Info), target: "execution_wrapper::execution", id: Id(4503874505277443), module_path: "execution_wrapper::execution", line: 98, file: "executor/execution-wrapper/src/execution/mod.rs" } process_manager=Mutex { data: ProcessManager { dangling_processes: [] } }}:ExecutionFinalizer::on_exit:ExecutionFinalizer::complete_execution: grpc_utils::span: failed to inject span context to grpc request
2022-03-23T15:32:01.180407Z  INFO Execution::wait_for_completion{parent_span=Span { name: "Execution::spawn", level: Level(Info), target: "execution_wrapper::execution", id: Id(4503874505277443), module_path: "execution_wrapper::execution", line: 98, file: "executor/execution-wrapper/src/execution/mod.rs" } process_manager=Mutex { data: ProcessManager { dangling_processes: [] } }}:ExecutionFinalizer::on_exit:ExecutionFinalizer::complete_execution: execution_wrapper::service: Completed execution id=f6443bc0-a4c2-4c31-9c3a-d02f6f4c75fc
2022-03-23T15:32:01.180443Z  INFO Execution::wait_for_completion{parent_span=Span { name: "Execution::spawn", level: Level(Info), target: "execution_wrapper::execution", id: Id(4503874505277443), module_path: "execution_wrapper::execution", line: 98, file: "executor/execution-wrapper/src/execution/mod.rs" } process_manager=Mutex { data: ProcessManager { dangling_processes: [] } }}:ExecutionFinalizer::on_exit:ExecutionFinalizer::complete_execution: execution_wrapper::service: close time.busy=126µs time.idle=737µs
2022-03-23T15:32:01.180607Z  INFO Execution::wait_for_completion{parent_span=Span { name: "Execution::spawn", level: Level(Info), target: "execution_wrapper::execution", id: Id(4503874505277443), module_path: "execution_wrapper::execution", line: 98, file: "executor/execution-wrapper/src/execution/mod.rs" } process_manager=Mutex { data: ProcessManager { dangling_processes: [] } }}:ExecutionFinalizer::on_exit: execution_wrapper::service: close time.busy=280µs time.idle=756µs
2022-03-23T15:32:01.180636Z  INFO ExecutionServicer::run:ExecutionServicer::spawn_execution{finalization=None}:Execution::spawn: execution_wrapper::execution: close time.busy=573µs time.idle=15.0s
2022-03-23T15:32:01.180647Z  INFO ExecutionServicer::run:ExecutionServicer::spawn_execution{finalization=None}: execution_wrapper::service: close time.busy=9.70ms time.idle=15.0s
2022-03-23T15:32:01.180658Z  INFO ExecutionServicer::run: execution_wrapper::service: close time.busy=9.77ms time.idle=15.0s
2022-03-23T15:32:01.180667Z  INFO Execution::wait_for_completion{parent_span=Span { name: "Execution::spawn", level: Level(Info), target: "execution_wrapper::execution", id: Id(4503874505277443), module_path: "execution_wrapper::execution", line: 98, file: "executor/execution-wrapper/src/execution/mod.rs" } process_manager=Mutex { data: ProcessManager { dangling_processes: [] } }}: execution_wrapper::execution: close time.busy=580µs time.idle=15.0s
2022-03-23T15:32:01.180693Z  INFO execution_wrapper::execution: process execution completed
